DSP Block Usage Summary report for fft
Fri Mar 21 12:18:34 2025
Quartus Prime Version 22.1std.2 Build 922 07/20/2023 SC Standard Edition


---------------------
; Table of Contents ;
---------------------
  1. Legal Notice
  2. Fitter DSP Block Usage Summary



----------------
; Legal Notice ;
----------------
Copyright (C) 2023  Intel Corporation. All rights reserved.
Your use of Intel Corporation's design tools, logic functions 
and other software and tools, and any partner logic 
functions, and any output files from any of the foregoing 
(including device programming or simulation files), and any 
associated documentation or information are expressly subject 
to the terms and conditions of the Intel Program License 
Subscription Agreement, the Intel Quartus Prime License Agreement,
the Intel FPGA IP License Agreement, or other applicable license
agreement, including, without limitation, that your use is for
the sole purpose of programming logic devices manufactured by
Intel and sold by Intel or its authorized distributors.  Please
refer to the applicable agreement for further details, at
https://fpgasoftware.intel.com/eula.



+---------------------------------------------------------+
; Fitter DSP Block Usage Summary                          ;
+-------------------------------------------+-------------+
; Statistic                                 ; Number Used ;
+-------------------------------------------+-------------+
; Two Independent 18x18                     ; 2           ;
; Total number of DSP blocks                ; 2           ;
;                                           ;             ;
; Fixed Point Signed Multiplier             ; 2           ;
; Fixed Point Dedicated Coefficient Storage ; 2           ;
+-------------------------------------------+-------------+


